<?xml version="1.0" encoding="UTF-8"?>
<testsuite xmlns:xsi="http://www.w3.org/2001/XMLSchema-instance" xsi:noNamespaceSchemaLocation="https://maven.apache.org/surefire/maven-surefire-plugin/xsd/surefire-test-report.xsd" version="3.0.2" name="com.mycompany.contact_app.service.ContactServiceTest" time="0.157" tests="5" errors="0" skipped="0" failures="0" flakes="0">
  <properties>
[...]
</properties>
  <testcase name="testDelegateAdminRights_Success" classname="com.mycompany.contact_app.service.ContactServiceTest" time="0.148"/>
  <testcase name="testGetContactById_Success" classname="com.mycompany.contact_app.service.ContactServiceTest" time="0.002"/>
  <testcase name="testCreateContact_Success" classname="com.mycompany.contact_app.service.ContactServiceTest" time="0.002"/>
  <testcase name="testGetHistoricalAuditTrail_CompilesAndResolves" classname="com.mycompany.contact_app.service.ContactServiceTest" time="0.002"/>
  <testcase name="testAnonymizeContact_GdprComplianceRoute" classname="com.mycompany.contact_app.service.ContactServiceTest" time="0.002"/>
</testsuite>